[0620/125145.734:ERROR:process_reader_win.cc(127)] NtOpenThread: {Access Denied} A process has requested access to an object, but has not been granted those access rights. (0xc0000022)
[0620/125145.750:ERROR:exception_snapshot_win.cc(99)] thread ID 10220 not found in process
[0620/125145.734:ERROR:process_reader_win.cc(127)] NtOpenThread: {Access Denied} A process has requested access to an object, but has not been granted those access rights. (0xc0000022)
[0620/125145.750:ERROR:exception_snapshot_win.cc(99)] thread ID 1376 not found in process
[0702/135014.563:ERROR:process_reader_win.cc(127)] NtOpenThread: {Access Denied} A process has requested access to an object, but has not been granted those access rights. (0xc0000022)
[0702/135014.578:ERROR:exception_snapshot_win.cc(99)] thread ID 1668 not found in process
[0702/135014.625:ERROR:process_reader_win.cc(127)] NtOpenThread: {Access Denied} A process has requested access to an object, but has not been granted those access rights. (0xc0000022)
[0702/135014.625:ERROR:exception_snapshot_win.cc(99)] thread ID 7744 not found in process
[0702/135015.219:ERROR:minidumpwritedump_with_crashpad_info.cc(435)] Failed to call MiniDumpWriteDump: Access is denied. (0x80070005)
[0702/135015.219:ERROR:minidumpwritedump_with_crashpad_info.cc(592)] Failed to write minidump file
[0702/135015.219:ERROR:crash_report_exception_handler.cc(132)] TryMiniDumpWriteDumpWithCrashpadInfo failed
[0702/135015.235:ERROR:process_memory_win.cc(73)] ReadMemory at 0x1c376224ea0 of 72 bytes failed: Only part of a ReadProcessMemory or WriteProcessMemory request was completed. (0x12B)
[0702/135015.235:WARNING:pe_image_annotations_reader.cc(134)] could not read annotations list object in C:\Program Files (x86)\Microsoft\Edge\Application\83.0.478.58\msedge_elf.dll
[0702/135015.235:ERROR:process_memory_win.cc(73)] ReadMemory at 0x1c376678150 of 72 bytes failed: Only part of a ReadProcessMemory or WriteProcessMemory request was completed. (0x12B)
[0702/135015.235:WARNING:pe_image_annotations_reader.cc(134)] could not read annotations list object in C:\Program Files (x86)\Microsoft\Edge\Application\83.0.478.58\msedge.dll
[0706/215312.381:ERROR:process_reader_win.cc(127)] NtOpenThread: {Access Denied} A process has requested access to an object, but has not been granted those access rights. (0xc0000022)
[0706/215312.396:ERROR:exception_snapshot_win.cc(99)] thread ID 3668 not found in process
[0706/215312.443:ERROR:process_reader_win.cc(127)] NtOpenThread: {Access Denied} A process has requested access to an object, but has not been granted those access rights. (0xc0000022)
[0706/215312.443:ERROR:exception_snapshot_win.cc(99)] thread ID 12840 not found in process
[0712/095601.212:ERROR:process_reader_win.cc(127)] NtOpenThread: {Access Denied} A process has requested access to an object, but has not been granted those access rights. (0xc0000022)
[0712/095601.228:ERROR:exception_snapshot_win.cc(99)] thread ID 10488 not found in process
[0715/224104.634:ERROR:process_reader_win.cc(127)] NtOpenThread: {Access Denied} A process has requested access to an object, but has not been granted those access rights. (0xc0000022)
[0715/224104.650:ERROR:exception_snapshot_win.cc(99)] thread ID 2440 not found in process
[0715/224104.665:ERROR:process_reader_win.cc(127)] NtOpenThread: {Access Denied} A process has requested access to an object, but has not been granted those access rights. (0xc0000022)
[0715/224104.665:ERROR:exception_snapshot_win.cc(99)] thread ID 2576 not found in process
[0715/224104.993:ERROR:minidumpwritedump_with_crashpad_info.cc(435)] Failed to call MiniDumpWriteDump: Only part of a ReadProcessMemory or WriteProcessMemory request was completed. (0x8007012B)
[0715/224104.993:ERROR:minidumpwritedump_with_crashpad_info.cc(592)] Failed to write minidump file
[0715/224104.993:ERROR:crash_report_exception_handler.cc(132)] TryMiniDumpWriteDumpWithCrashpadInfo failed
[0715/224104.993:ERROR:process_memory_win.cc(73)] ReadMemory at 0x7ff69ff20000 of 64 bytes failed: Only part of a ReadProcessMemory or WriteProcessMemory request was completed. (0x12B)
[0715/224104.993:WARNING:pe_image_reader.cc(340)] could not read dos header from C:\Program Files (x86)\Microsoft\Edge\Application\msedge.exe
[0715/224104.993:ERROR:process_memory_win.cc(73)] ReadMemory at 0x7ff812760000 of 64 bytes failed: Only part of a ReadProcessMemory or WriteProcessMemory request was completed. (0x12B)
[0715/224104.993:WARNING:pe_image_reader.cc(340)] could not read dos header from C:\WINDOWS\SYSTEM32\ntdll.dll
[0715/224104.993:ERROR:process_memory_win.cc(73)] ReadMemory at 0x7ff8112b0000 of 64 bytes failed: Only part of a ReadProcessMemory or WriteProcessMemory request was completed. (0x12B)
[0715/224104.993:WARNING:pe_image_reader.cc(340)] could not read dos header from C:\WINDOWS\System32\KERNEL32.DLL
[0715/224104.993:ERROR:process_memory_win.cc(73)] ReadMemory at 0x7ff810400000 of 64 bytes failed: Only part of a ReadProcessMemory or WriteProcessMemory request was completed. (0x12B)
[0715/224104.993:WARNING:pe_image_reader.cc(340)] could not read dos header from C:\WINDOWS\System32\KERNELBASE.dll
[0715/224104.993:ERROR:process_memory_win.cc(73)] ReadMemory at 0x7ff80d1b0000 of 64 bytes failed: Only part of a ReadProcessMemory or WriteProcessMemory request was completed. (0x12B)
[0715/224104.993:WARNING:pe_image_reader.cc(340)] could not read dos header from C:\WINDOWS\SYSTEM32\apphelp.dll
[0715/224104.993:ERROR:process_memory_win.cc(73)] ReadMemory at 0x7ff8030f0000 of 64 bytes failed: Only part of a ReadProcessMemory or WriteProcessMemory request was completed. (0x12B)
[0715/224104.993:WARNING:pe_image_reader.cc(340)] could not read dos header from C:\Program Files (x86)\Microsoft\Edge\Application\83.0.478.64\msedge_elf.dll
[0715/224104.993:ERROR:process_memory_win.cc(73)] ReadMemory at 0x7ff80f780000 of 64 bytes failed: Only part of a ReadProcessMemory or WriteProcessMemory request was completed. (0x12B)
[0715/224104.993:WARNING:pe_image_reader.cc(340)] could not read dos header from C:\WINDOWS\System32\bcryptPrimitives.dll
[0715/224104.993:ERROR:process_memory_win.cc(73)] ReadMemory at 0x7ff810fd0000 of 64 bytes failed: Only part of a ReadProcessMemory or WriteProcessMemory request was completed. (0x12B)
[0715/224104.993:WARNING:pe_image_reader.cc(340)] could not read dos header from C:\WINDOWS\System32\ADVAPI32.dll
[0715/224104.993:ERROR:process_memory_win.cc(73)] ReadMemory at 0x7ff812180000 of 64 bytes failed: Only part of a ReadProcessMemory or WriteProcessMemory request was completed. (0x12B)
[0715/224104.993:WARNING:pe_image_reader.cc(340)] could not read dos header from C:\WINDOWS\System32\msvcrt.dll
[0715/224104.993:ERROR:process_memory_win.cc(73)] ReadMemory at 0x7ff812220000 of 64 bytes failed: Only part of a ReadProcessMemory or WriteProcessMemory request was completed. (0x12B)
[0715/224104.993:WARNING:pe_image_reader.cc(340)] could not read dos header from C:\WINDOWS\System32\sechost.dll
[0715/224104.993:ERROR:process_memory_win.cc(73)] ReadMemory at 0x7ff8122c0000 of 64 bytes failed: Only part of a ReadProcessMemory or WriteProcessMemory request was completed. (0x12B)
[0715/224104.993:WARNING:pe_image_reader.cc(340)] could not read dos header from C:\WINDOWS\System32\RPCRT4.dll
[0715/224104.993:ERROR:process_memory_win.cc(73)] ReadMemory at 0x7ff811770000 of 64 bytes failed: Only part of a ReadProcessMemory or WriteProcessMemory request was completed. (0x12B)
[0715/224104.993:WARNING:pe_image_reader.cc(340)] could not read dos header from C:\WINDOWS\System32\WS2_32.dll
[0715/224104.993:ERROR:process_memory_win.cc(73)] ReadMemory at 0x7ff8117e0000 of 64 bytes failed: Only part of a ReadProcessMemory or WriteProcessMemory request was completed. (0x12B)
[0715/224104.993:WARNING:pe_image_reader.cc(340)] could not read dos header from C:\WINDOWS\System32\OLEAUT32.dll
[0715/224104.993:ERROR:process_memory_win.cc(73)] ReadMemory at 0x7ff80f6e0000 of 64 bytes failed: Only part of a ReadProcessMemory or WriteProcessMemory request was completed. (0x12B)
[0715/224104.993:WARNING:pe_image_reader.cc(340)] could not read dos header from C:\WINDOWS\System32\msvcp_win.dll
[0715/224105.009:ERROR:process_memory_win.cc(73)] ReadMemory at 0x7ff80f9d0000 of 64 bytes failed: Only part of a ReadProcessMemory or WriteProcessMemory request was completed. (0x12B)
[0715/224105.009:WARNING:pe_image_reader.cc(340)] could not read dos header from C:\WINDOWS\System32\ucrtbase.dll
[0715/224105.009:ERROR:process_memory_win.cc(73)] ReadMemory at 0x7ff8123e0000 of 64 bytes failed: Only part of a ReadProcessMemory or WriteProcessMemory request was completed. (0x12B)
[0715/224105.009:WARNING:pe_image_reader.cc(340)] could not read dos header from C:\WINDOWS\System32\combase.dll
[0715/224105.009:ERROR:process_memory_win.cc(73)] ReadMemory at 0x7ff8106b0000 of 64 bytes failed: Only part of a ReadProcessMemory or WriteProcessMemory request was completed. (0x12B)
[0715/224105.009:WARNING:pe_image_reader.cc(340)] could not read dos header from C:\WINDOWS\System32\WINTRUST.dll
[0715/224105.009:ERROR:process_memory_win.cc(73)] ReadMemory at 0x7ff80f690000 of 64 bytes failed: Only part of a ReadProcessMemory or WriteProcessMemory request was completed. (0x12B)
[0715/224105.009:WARNING:pe_image_reader.cc(340)] could not read dos header from C:\WINDOWS\System32\MSASN1.dll
[0715/224105.009:ERROR:process_memory_win.cc(73)] ReadMemory at 0x7ff80fad0000 of 64 bytes failed: Only part of a ReadProcessMemory or WriteProcessMemory request was completed. (0x12B)
[0715/224105.009:WARNING:pe_image_reader.cc(340)] could not read dos header from C:\WINDOWS\System32\CRYPT32.dll
[0715/224105.009:ERROR:process_memory_win.cc(73)] ReadMemory at 0x7ff80eb30000 of 64 bytes failed: Only part of a ReadProcessMemory or WriteProcessMemory request was completed. (0x12B)
[0715/224105.009:WARNING:pe_image_reader.cc(340)] could not read dos header from C:\WINDOWS\SYSTEM32\IPHLPAPI.DLL
[0715/224105.009:ERROR:process_memory_win.cc(73)] ReadMemory at 0x7ff806ba0000 of 64 bytes failed: Only part of a ReadProcessMemory or WriteProcessMemory request was completed. (0x12B)
[0715/224105.009:WARNING:pe_image_reader.cc(340)] could not read dos header from C:\WINDOWS\SYSTEM32\WINMM.dll
[0715/224105.009:ERROR:process_memory_win.cc(73)] ReadMemory at 0x7ff801330000 of 64 bytes failed: Only part of a ReadProcessMemory or WriteProcessMemory request was completed. (0x12B)
[0715/224105.009:WARNING:pe_image_reader.cc(340)] could not read dos header from C:\WINDOWS\SYSTEM32\Secur32.dll
[0715/224105.009:ERROR:process_memory_win.cc(73)] ReadMemory at 0x7ff80f530000 of 64 bytes failed: Only part of a ReadProcessMemory or WriteProcessMemory request was completed. (0x12B)
[0715/224105.009:WARNING:pe_image_reader.cc(340)] could not read dos header from C:\WINDOWS\SYSTEM32\USERENV.dll
[0715/224105.009:ERROR:process_memory_win.cc(73)] ReadMemory at 0x7ff80f6b0000 of 64 bytes failed: Only part of a ReadProcessMemory or WriteProcessMemory request was completed. (0x12B)
[0715/224105.009:WARNING:pe_image_reader.cc(340)] could not read dos header from C:\WINDOWS\System32\profapi.dll
[0715/224105.009:ERROR:process_memory_win.cc(73)] ReadMemory at 0x7fffeb950000 of 64 bytes failed: Only part of a ReadProcessMemory or WriteProcessMemory request was completed. (0x12B)
[0715/224105.009:WARNING:pe_image_reader.cc(340)] could not read dos header from C:\WINDOWS\SYSTEM32\UIAutomationCore.DLL
[0715/224105.009:ERROR:process_memory_win.cc(73)] ReadMemory at 0x7ff8066e0000 of 64 bytes failed: Only part of a ReadProcessMemory or WriteProcessMemory request was completed. (0x12B)
[0715/224105.009:WARNING:pe_image_reader.cc(340)] could not read dos header from C:\WINDOWS\SYSTEM32\WINHTTP.dll
[0715/224105.009:ERROR:process_memory_win.cc(73)] ReadMemory at 0x7ffffd0f0000 of 64 bytes failed: Only part of a ReadProcessMemory or WriteProcessMemory request was completed. (0x12B)
[0715/224105.009:WARNING:pe_image_reader.cc(340)] could not read dos header from C:\WINDOWS\SYSTEM32\DWrite.dll
[0715/224105.009:ERROR:process_memory_win.cc(73)] ReadMemory at 0x7ffff61a0000 of 64 bytes failed: Only part of a ReadProcessMemory or WriteProcessMemory request was completed. (0x12B)
[0715/224105.009:WARNING:pe_image_reader.cc(340)] could not read dos header from C:\WINDOWS\SYSTEM32\WINSPOOL.DRV
[0715/224105.009:ERROR:process_memory_win.cc(73)] ReadMemory at 0x7ff80f620000 of 64 bytes failed: Only part of a ReadProcessMemory or WriteProcessMemory request was completed. (0x12B)
[0715/224105.009:WARNING:pe_image_reader.cc(340)] could not read dos header from C:\WINDOWS\System32\kernel.appcore.dll
[0715/224105.009:ERROR:process_memory_win.cc(73)] ReadMemory at 0x7ff80fc20000 of 64 bytes failed: Only part of a ReadProcessMemory or WriteProcessMemory request was completed. (0x12B)
[0715/224105.009:WARNING:pe_image_reader.cc(340)] could not read dos header from C:\WINDOWS\System32\bcrypt.dll
[0715/224105.009:ERROR:process_memory_win.cc(73)] ReadMemory at 0x7ff80d330000 of 64 bytes failed: Only part of a ReadProcessMemory or WriteProcessMemory request was completed. (0x12B)
[0715/224105.009:WARNING:pe_image_reader.cc(340)] could not read dos header from C:\WINDOWS\SYSTEM32\dbghelp.dll
[0715/224105.009:ERROR:process_memory_win.cc(73)] ReadMemory at 0x7ff808f80000 of 64 bytes failed: Only part of a ReadProcessMemory or WriteProcessMemory request was completed. (0x12B)
[0715/224105.009:WARNING:pe_image_reader.cc(340)] could not read dos header from C:\WINDOWS\SYSTEM32\dhcpcsvc.DLL
[0715/224105.009:ERROR:process_memory_win.cc(73)] ReadMemory at 0x7ff8108d0000 of 64 bytes failed: Only part of a ReadProcessMemory or WriteProcessMemory request was completed. (0x12B)
[0715/224105.009:WARNING:pe_image_reader.cc(340)] could not read dos header from C:\WINDOWS\System32\NSI.dll
[0715/224105.009:ERROR:process_memory_win.cc(73)] ReadMemory at 0x7ff806950000 of 64 bytes failed: Only part of a ReadProcessMemory or WriteProcessMemory request was completed. (0x12B)
[0715/224105.009:WARNING:pe_image_reader.cc(340)] could not read dos header from C:\WINDOWS\SYSTEM32\WINMMBASE.dll
[0715/224105.009:ERROR:process_memory_win.cc(73)] ReadMemory at 0x7ff810710000 of 64 bytes failed: Only part of a ReadProcessMemory or WriteProcessMemory request was completed. (0x12B)
[0715/224105.009:WARNING:pe_image_reader.cc(340)] could not read dos header from C:\WINDOWS\System32\cfgmgr32.dll
[0715/224105.009:ERROR:process_memory_win.cc(73)] ReadMemory at 0x7ff80df30000 of 64 bytes failed: Only part of a ReadProcessMemory or WriteProcessMemory request was completed. (0x12B)
[0715/224105.009:WARNING:pe_image_reader.cc(340)] could not read dos header from C:\WINDOWS\SYSTEM32\PROPSYS.dll
[0715/224105.009:ERROR:process_memory_win.cc(73)] ReadMemory at 0x7ff812040000 of 64 bytes failed: Only part of a ReadProcessMemory or WriteProcessMemory request was completed. (0x12B)
[0715/224105.009:WARNING:pe_image_reader.cc(340)] could not read dos header from C:\WINDOWS\System32\shcore.dll
[0715/224105.009:ERROR:process_memory_win.cc(73)] ReadMemory at 0x7ff80f500000 of 64 bytes failed: Only part of a ReadProcessMemory or WriteProcessMemory request was completed. (0x12B)
[0715/224105.009:WARNING:pe_image_reader.cc(340)] could not read dos header from C:\WINDOWS\SYSTEM32\SSPICLI.DLL
[0715/224105.009:ERROR:process_memory_win.cc(73)] ReadMemory at 0x7ff80eff0000 of 64 bytes failed: Only part of a ReadProcessMemory or WriteProcessMemory request was completed. (0x12B)
[0715/224105.009:WARNING:pe_image_reader.cc(340)] could not read dos header from C:\WINDOWS\SYSTEM32\CRYPTBASE.DLL
[0715/224105.009:ERROR:process_memory_win.cc(73)] ReadMemory at 0x7ff69ff20000 of 64 bytes failed: Only part of a ReadProcessMemory or WriteProcessMemory request was completed. (0x12B)
[0715/224105.009:WARNING:pe_image_reader.cc(340)] could not read dos header from C:\Program Files (x86)\Microsoft\Edge\Application\msedge.exe
[0715/224105.009:ERROR:process_memory_win.cc(73)] ReadMemory at 0x7ff69ff20000 of 64 bytes failed: Only part of a ReadProcessMemory or WriteProcessMemory request was completed. (0x12B)
[0715/224105.009:WARNING:pe_image_reader.cc(340)] could not read dos header from C:\Program Files (x86)\Microsoft\Edge\Application\msedge.exe
[0715/224105.009:ERROR:process_memory_win.cc(73)] ReadMemory at 0x7ff812760000 of 64 bytes failed: Only part of a ReadProcessMemory or WriteProcessMemory request was completed. (0x12B)
[0715/224105.009:WARNING:pe_image_reader.cc(340)] could not read dos header from C:\WINDOWS\SYSTEM32\ntdll.dll
[0715/224105.009:ERROR:process_memory_win.cc(73)] ReadMemory at 0x7ff812760000 of 64 bytes failed: Only part of a ReadProcessMemory or WriteProcessMemory request was completed. (0x12B)
[0715/224105.009:WARNING:pe_image_reader.cc(340)] could not read dos header from C:\WINDOWS\SYSTEM32\ntdll.dll
[0715/224105.009:ERROR:process_memory_win.cc(73)] ReadMemory at 0x7ff8112b0000 of 64 bytes failed: Only part of a ReadProcessMemory or WriteProcessMemory request was completed. (0x12B)
[0715/224105.009:WARNING:pe_image_reader.cc(340)] could not read dos header from C:\WINDOWS\System32\KERNEL32.DLL
[0715/224105.009:ERROR:process_memory_win.cc(73)] ReadMemory at 0x7ff8112b0000 of 64 bytes failed: Only part of a ReadProcessMemory or WriteProcessMemory request was completed. (0x12B)
[0715/224105.009:WARNING:pe_image_reader.cc(340)] could not read dos header from C:\WINDOWS\System32\KERNEL32.DLL
[0715/224105.009:ERROR:process_memory_win.cc(73)] ReadMemory at 0x7ff810400000 of 64 bytes failed: Only part of a ReadProcessMemory or WriteProcessMemory request was completed. (0x12B)
[0715/224105.009:WARNING:pe_image_reader.cc(340)] could not read dos header from C:\WINDOWS\System32\KERNELBASE.dll
[0715/224105.009:ERROR:process_memory_win.cc(73)] ReadMemory at 0x7ff810400000 of 64 bytes failed: Only part of a ReadProcessMemory or WriteProcessMemory request was completed. (0x12B)
[0715/224105.009:WARNING:pe_image_reader.cc(340)] could not read dos header from C:\WINDOWS\System32\KERNELBASE.dll
[0715/224105.009:ERROR:process_memory_win.cc(73)] ReadMemory at 0x7ff80d1b0000 of 64 bytes failed: Only part of a ReadProcessMemory or WriteProcessMemory request was completed. (0x12B)
[0715/224105.009:WARNING:pe_image_reader.cc(340)] could not read dos header from C:\WINDOWS\SYSTEM32\apphelp.dll
[0715/224105.009:ERROR:process_memory_win.cc(73)] ReadMemory at 0x7ff80d1b0000 of 64 bytes failed: Only part of a ReadProcessMemory or WriteProcessMemory request was completed. (0x12B)
[0715/224105.009:WARNING:pe_image_reader.cc(340)] could not read dos header from C:\WINDOWS\SYSTEM32\apphelp.dll
[0715/224105.009:ERROR:process_memory_win.cc(73)] ReadMemory at 0x7ff8030f0000 of 64 bytes failed: Only part of a ReadProcessMemory or WriteProcessMemory request was completed. (0x12B)
[0715/224105.009:WARNING:pe_image_reader.cc(340)] could not read dos header from C:\Program Files (x86)\Microsoft\Edge\Application\83.0.478.64\msedge_elf.dll
[0715/224105.009:ERROR:process_memory_win.cc(73)] ReadMemory at 0x7ff8030f0000 of 64 bytes failed: Only part of a ReadProcessMemory or WriteProcessMemory request was completed. (0x12B)
[0715/224105.009:WARNING:pe_image_reader.cc(340)] could not read dos header from C:\Program Files (x86)\Microsoft\Edge\Application\83.0.478.64\msedge_elf.dll
[0715/224105.009:ERROR:process_memory_win.cc(73)] ReadMemory at 0x7ff80f780000 of 64 bytes failed: Only part of a ReadProcessMemory or WriteProcessMemory request was completed. (0x12B)
[0715/224105.009:WARNING:pe_image_reader.cc(340)] could not read dos header from C:\WINDOWS\System32\bcryptPrimitives.dll
[0715/224105.009:ERROR:process_memory_win.cc(73)] ReadMemory at 0x7ff80f780000 of 64 bytes failed: Only part of a ReadProcessMemory or WriteProcessMemory request was completed. (0x12B)
[0715/224105.009:WARNING:pe_image_reader.cc(340)] could not read dos header from C:\WINDOWS\System32\bcryptPrimitives.dll
[0715/224105.009:ERROR:process_memory_win.cc(73)] ReadMemory at 0x7ff810fd0000 of 64 bytes failed: Only part of a ReadProcessMemory or WriteProcessMemory request was completed. (0x12B)
[0715/224105.009:WARNING:pe_image_reader.cc(340)] could not read dos header from C:\WINDOWS\System32\ADVAPI32.dll
[0715/224105.009:ERROR:process_memory_win.cc(73)] ReadMemory at 0x7ff810fd0000 of 64 bytes failed: Only part of a ReadProcessMemory or WriteProcessMemory request was completed. (0x12B)
[0715/224105.009:WARNING:pe_image_reader.cc(340)] could not read dos header from C:\WINDOWS\System32\ADVAPI32.dll
[0715/224105.009:ERROR:process_memory_win.cc(73)] ReadMemory at 0x7ff812180000 of 64 bytes failed: Only part of a ReadProcessMemory or WriteProcessMemory request was completed. (0x12B)
[0715/224105.009:WARNING:pe_image_reader.cc(340)] could not read dos header from C:\WINDOWS\System32\msvcrt.dll
[0715/224105.009:ERROR:process_memory_win.cc(73)] ReadMemory at 0x7ff812180000 of 64 bytes failed: Only part of a ReadProcessMemory or WriteProcessMemory request was completed. (0x12B)
[0715/224105.009:WARNING:pe_image_reader.cc(340)] could not read dos header from C:\WINDOWS\System32\msvcrt.dll
[0715/224105.009:ERROR:process_memory_win.cc(73)] ReadMemory at 0x7ff812220000 of 64 bytes failed: Only part of a ReadProcessMemory or WriteProcessMemory request was completed. (0x12B)
[0715/224105.009:WARNING:pe_image_reader.cc(340)] could not read dos header from C:\WINDOWS\System32\sechost.dll
[0715/224105.009:ERROR:process_memory_win.cc(73)] ReadMemory at 0x7ff812220000 of 64 bytes failed: Only part of a ReadProcessMemory or WriteProcessMemory request was completed. (0x12B)
[0715/224105.009:WARNING:pe_image_reader.cc(340)] could not read dos header from C:\WINDOWS\System32\sechost.dll
[0715/224105.009:ERROR:process_memory_win.cc(73)] ReadMemory at 0x7ff8122c0000 of 64 bytes failed: Only part of a ReadProcessMemory or WriteProcessMemory request was completed. (0x12B)
[0715/224105.009:WARNING:pe_image_reader.cc(340)] could not read dos header from C:\WINDOWS\System32\RPCRT4.dll
[0715/224105.009:ERROR:process_memory_win.cc(73)] ReadMemory at 0x7ff8122c0000 of 64 bytes failed: Only part of a ReadProcessMemory or WriteProcessMemory request was completed. (0x12B)
[0715/224105.009:WARNING:pe_image_reader.cc(340)] could not read dos header from C:\WINDOWS\System32\RPCRT4.dll
[0715/224105.009:ERROR:process_memory_win.cc(73)] ReadMemory at 0x7fffbcd80000 of 64 bytes failed: Only part of a ReadProcessMemory or WriteProcessMemory request was completed. (0x12B)
[0715/224105.009:WARNING:pe_image_reader.cc(340)] could not read dos header from C:\Program Files (x86)\Microsoft\Edge\Application\83.0.478.64\msedge.dll
[0715/224105.009:ERROR:process_memory_win.cc(73)] ReadMemory at 0x7fffbcd80000 of 64 bytes failed: Only part of a ReadProcessMemory or WriteProcessMemory request was completed. (0x12B)
[0715/224105.009:WARNING:pe_image_reader.cc(340)] could not read dos header from C:\Program Files (x86)\Microsoft\Edge\Application\83.0.478.64\msedge.dll
[0715/224105.009:ERROR:process_memory_win.cc(73)] ReadMemory at 0x7ff811770000 of 64 bytes failed: Only part of a ReadProcessMemory or WriteProcessMemory request was completed. (0x12B)
[0715/224105.009:WARNING:pe_image_reader.cc(340)] could not read dos header from C:\WINDOWS\System32\WS2_32.dll
[0715/224105.009:ERROR:process_memory_win.cc(73)] ReadMemory at 0x7ff811770000 of 64 bytes failed: Only part of a ReadProcessMemory or WriteProcessMemory request was completed. (0x12B)
[0715/224105.009:WARNING:pe_image_reader.cc(340)] could not read dos header from C:\WINDOWS\System32\WS2_32.dll
[0715/224105.009:ERROR:process_memory_win.cc(73)] ReadMemory at 0x7ff8117e0000 of 64 bytes failed: Only part of a ReadProcessMemory or WriteProcessMemory request was completed. (0x12B)
[0715/224105.009:WARNING:pe_image_reader.cc(340)] could not read dos header from C:\WINDOWS\System32\OLEAUT32.dll
[0715/224105.009:ERROR:process_memory_win.cc(73)] ReadMemory at 0x7ff8117e0000 of 64 bytes failed: Only part of a ReadProcessMemory or WriteProcessMemory request was completed. (0x12B)
[0715/224105.009:WARNING:pe_image_reader.cc(340)] could not read dos header from C:\WINDOWS\System32\OLEAUT32.dll
[0715/224105.009:ERROR:process_memory_win.cc(73)] ReadMemory at 0x7ff80f6e0000 of 64 bytes failed: Only part of a ReadProcessMemory or WriteProcessMemory request was completed. (0x12B)
[0715/224105.009:WARNING:pe_image_reader.cc(340)] could not read dos header from C:\WINDOWS\System32\msvcp_win.dll
[0715/224105.009:ERROR:process_memory_win.cc(73)] ReadMemory at 0x7ff80f6e0000 of 64 bytes failed: Only part of a ReadProcessMemory or WriteProcessMemory request was completed. (0x12B)
[0715/224105.009:WARNING:pe_image_reader.cc(340)] could not read dos header from C:\WINDOWS\System32\msvcp_win.dll
[0715/224105.009:ERROR:process_memory_win.cc(73)] ReadMemory at 0x7ff80f9d0000 of 64 bytes failed: Only part of a ReadProcessMemory or WriteProcessMemory request was completed. (0x12B)
[0715/224105.009:WARNING:pe_image_reader.cc(340)] could not read dos header from C:\WINDOWS\System32\ucrtbase.dll
[0715/224105.009:ERROR:process_memory_win.cc(73)] ReadMemory at 0x7ff80f9d0000 of 64 bytes failed: Only part of a ReadProcessMemory or WriteProcessMemory request was completed. (0x12B)
[0715/224105.009:WARNING:pe_image_reader.cc(340)] could not read dos header from C:\WINDOWS\System32\ucrtbase.dll
[0715/224105.009:ERROR:process_memory_win.cc(73)] ReadMemory at 0x7ff8123e0000 of 64 bytes failed: Only part of a ReadProcessMemory or WriteProcessMemory request was completed. (0x12B)
[0715/224105.009:WARNING:pe_image_reader.cc(340)] could not read dos header from C:\WINDOWS\System32\combase.dll
[0715/224105.009:ERROR:process_memory_win.cc(73)] ReadMemory at 0x7ff8123e0000 of 64 bytes failed: Only part of a ReadProcessMemory or WriteProcessMemory request was completed. (0x12B)
[0715/224105.009:WARNING:pe_image_reader.cc(340)] could not read dos header from C:\WINDOWS\System32\combase.dll
[0715/224105.009:ERROR:process_memory_win.cc(73)] ReadMemory at 0x7ff8106b0000 of 64 bytes failed: Only part of a ReadProcessMemory or WriteProcessMemory request was completed. (0x12B)
[0715/224105.009:WARNING:pe_image_reader.cc(340)] could not read dos header from C:\WINDOWS\System32\WINTRUST.dll
[0715/224105.009:ERROR:process_memory_win.cc(73)] ReadMemory at 0x7ff8106b0000 of 64 bytes failed: Only part of a ReadProcessMemory or WriteProcessMemory request was completed. (0x12B)
[0715/224105.009:WARNING:pe_image_reader.cc(340)] could not read dos header from C:\WINDOWS\System32\WINTRUST.dll
[0715/224105.009:ERROR:process_memory_win.cc(73)] ReadMemory at 0x7ff80f690000 of 64 bytes failed: Only part of a ReadProcessMemory or WriteProcessMemory request was completed. (0x12B)
[0715/224105.009:WARNING:pe_image_reader.cc(340)] could not read dos header from C:\WINDOWS\System32\MSASN1.dll
[0715/224105.009:ERROR:process_memory_win.cc(73)] ReadMemory at 0x7ff80f690000 of 64 bytes failed: Only part of a ReadProcessMemory or WriteProcessMemory request was completed. (0x12B)
[0715/224105.009:WARNING:pe_image_reader.cc(340)] could not read dos header from C:\WINDOWS\System32\MSASN1.dll
[0715/224105.009:ERROR:process_memory_win.cc(73)] ReadMemory at 0x7ff80fad0000 of 64 bytes failed: Only part of a ReadProcessMemory or WriteProcessMemory request was completed. (0x12B)
[0715/224105.009:WARNING:pe_image_reader.cc(340)] could not read dos header from C:\WINDOWS\System32\CRYPT32.dll
[0715/224105.009:ERROR:process_memory_win.cc(73)] ReadMemory at 0x7ff80fad0000 of 64 bytes failed: Only part of a ReadProcessMemory or WriteProcessMemory request was completed. (0x12B)
[0715/224105.009:WARNING:pe_image_reader.cc(340)] could not read dos header from C:\WINDOWS\System32\CRYPT32.dll
[0715/224105.009:ERROR:process_memory_win.cc(73)] ReadMemory at 0x7ff80eb30000 of 64 bytes failed: Only part of a ReadProcessMemory or WriteProcessMemory request was completed. (0x12B)
[0715/224105.009:WARNING:pe_image_reader.cc(340)] could not read dos header from C:\WINDOWS\SYSTEM32\IPHLPAPI.DLL
[0715/224105.009:ERROR:process_memory_win.cc(73)] ReadMemory at 0x7ff80eb30000 of 64 bytes failed: Only part of a ReadProcessMemory or WriteProcessMemory request was completed. (0x12B)
[0715/224105.009:WARNING:pe_image_reader.cc(340)] could not read dos header from C:\WINDOWS\SYSTEM32\IPHLPAPI.DLL
[0715/224105.009:ERROR:process_memory_win.cc(73)] ReadMemory at 0x7ff806ba0000 of 64 bytes failed: Only part of a ReadProcessMemory or WriteProcessMemory request was completed. (0x12B)
[0715/224105.009:WARNING:pe_image_reader.cc(340)] could not read dos header from C:\WINDOWS\SYSTEM32\WINMM.dll
[0715/224105.009:ERROR:process_memory_win.cc(73)] ReadMemory at 0x7ff806ba0000 of 64 bytes failed: Only part of a ReadProcessMemory or WriteProcessMemory request was completed. (0x12B)
[0715/224105.009:WARNING:pe_image_reader.cc(340)] could not read dos header from C:\WINDOWS\SYSTEM32\WINMM.dll
[0715/224105.009:ERROR:process_memory_win.cc(73)] ReadMemory at 0x7ff801330000 of 64 bytes failed: Only part of a ReadProcessMemory or WriteProcessMemory request was completed. (0x12B)
[0715/224105.009:WARNING:pe_image_reader.cc(340)] could not read dos header from C:\WINDOWS\SYSTEM32\Secur32.dll
[0715/224105.009:ERROR:process_memory_win.cc(73)] ReadMemory at 0x7ff801330000 of 64 bytes failed: Only part of a ReadProcessMemory or WriteProcessMemory request was completed. (0x12B)
[0715/224105.009:WARNING:pe_image_reader.cc(340)] could not read dos header from C:\WINDOWS\SYSTEM32\Secur32.dll
[0715/224105.009:ERROR:process_memory_win.cc(73)] ReadMemory at 0x7ff80f530000 of 64 bytes failed: Only part of a ReadProcessMemory or WriteProcessMemory request was completed. (0x12B)
[0715/224105.009:WARNING:pe_image_reader.cc(340)] could not read dos header from C:\WINDOWS\SYSTEM32\USERENV.dll
[0715/224105.009:ERROR:process_memory_win.cc(73)] ReadMemory at 0x7ff80f530000 of 64 bytes failed: Only part of a ReadProcessMemory or WriteProcessMemory request was completed. (0x12B)
[0715/224105.009:WARNING:pe_image_reader.cc(340)] could not read dos header from C:\WINDOWS\SYSTEM32\USERENV.dll
[0715/224105.009:ERROR:process_memory_win.cc(73)] ReadMemory at 0x7ff80f6b0000 of 64 bytes failed: Only part of a ReadProcessMemory or WriteProcessMemory request was completed. (0x12B)
[0715/224105.009:WARNING:pe_image_reader.cc(340)] could not read dos header from C:\WINDOWS\System32\profapi.dll
[0715/224105.009:ERROR:process_memory_win.cc(73)] ReadMemory at 0x7ff80f6b0000 of 64 bytes failed: Only part of a ReadProcessMemory or WriteProcessMemory request was completed. (0x12B)
[0715/224105.009:WARNING:pe_image_reader.cc(340)] could not read dos header from C:\WINDOWS\System32\profapi.dll
[0715/224105.009:ERROR:process_memory_win.cc(73)] ReadMemory at 0x7fffeb950000 of 64 bytes failed: Only part of a ReadProcessMemory or WriteProcessMemory request was completed. (0x12B)
[0715/224105.009:WARNING:pe_image_reader.cc(340)] could not read dos header from C:\WINDOWS\SYSTEM32\UIAutomationCore.DLL
[0715/224105.009:ERROR:process_memory_win.cc(73)] ReadMemory at 0x7fffeb950000 of 64 bytes failed: Only part of a ReadProcessMemory or WriteProcessMemory request was completed. (0x12B)
[0715/224105.009:WARNING:pe_image_reader.cc(340)] could not read dos header from C:\WINDOWS\SYSTEM32\UIAutomationCore.DLL
[0715/224105.009:ERROR:process_memory_win.cc(73)] ReadMemory at 0x7ff8066e0000 of 64 bytes failed: Only part of a ReadProcessMemory or WriteProcessMemory request was completed. (0x12B)
[0715/224105.009:WARNING:pe_image_reader.cc(340)] could not read dos header from C:\WINDOWS\SYSTEM32\WINHTTP.dll
[0715/224105.009:ERROR:process_memory_win.cc(73)] ReadMemory at 0x7ff8066e0000 of 64 bytes failed: Only part of a ReadProcessMemory or WriteProcessMemory request was completed. (0x12B)
[0715/224105.009:WARNING:pe_image_reader.cc(340)] could not read dos header from C:\WINDOWS\SYSTEM32\WINHTTP.dll
[0715/224105.009:ERROR:process_memory_win.cc(73)] ReadMemory at 0x7ffffd0f0000 of 64 bytes failed: Only part of a ReadProcessMemory or WriteProcessMemory request was completed. (0x12B)
[0715/224105.009:WARNING:pe_image_reader.cc(340)] could not read dos header from C:\WINDOWS\SYSTEM32\DWrite.dll
[0715/224105.009:ERROR:process_memory_win.cc(73)] ReadMemory at 0x7ffffd0f0000 of 64 bytes failed: Only part of a ReadProcessMemory or WriteProcessMemory request was completed. (0x12B)
[0715/224105.009:WARNING:pe_image_reader.cc(340)] could not read dos header from C:\WINDOWS\SYSTEM32\DWrite.dll
[0715/224105.009:ERROR:process_memory_win.cc(73)] ReadMemory at 0x7ffff61a0000 of 64 bytes failed: Only part of a ReadProcessMemory or WriteProcessMemory request was completed. (0x12B)
[0715/224105.009:WARNING:pe_image_reader.cc(340)] could not read dos header from C:\WINDOWS\SYSTEM32\WINSPOOL.DRV
[0715/224105.009:ERROR:process_memory_win.cc(73)] ReadMemory at 0x7ffff61a0000 of 64 bytes failed: Only part of a ReadProcessMemory or WriteProcessMemory request was completed. (0x12B)
[0715/224105.009:WARNING:pe_image_reader.cc(340)] could not read dos header from C:\WINDOWS\SYSTEM32\WINSPOOL.DRV
[0715/224105.009:ERROR:process_memory_win.cc(73)] ReadMemory at 0x7ff80f620000 of 64 bytes failed: Only part of a ReadProcessMemory or WriteProcessMemory request was completed. (0x12B)
[0715/224105.009:WARNING:pe_image_reader.cc(340)] could not read dos header from C:\WINDOWS\System32\kernel.appcore.dll
[0715/224105.009:ERROR:process_memory_win.cc(73)] ReadMemory at 0x7ff80f620000 of 64 bytes failed: Only part of a ReadProcessMemory or WriteProcessMemory request was completed. (0x12B)
[0715/224105.009:WARNING:pe_image_reader.cc(340)] could not read dos header from C:\WINDOWS\System32\kernel.appcore.dll
[0715/224105.009:ERROR:process_memory_win.cc(73)] ReadMemory at 0x7ff80fc20000 of 64 bytes failed: Only part of a ReadProcessMemory or WriteProcessMemory request was completed. (0x12B)
[0715/224105.009:WARNING:pe_image_reader.cc(340)] could not read dos header from C:\WINDOWS\System32\bcrypt.dll
[0715/224105.009:ERROR:process_memory_win.cc(73)] ReadMemory at 0x7ff80fc20000 of 64 bytes failed: Only part of a ReadProcessMemory or WriteProcessMemory request was completed. (0x12B)
[0715/224105.009:WARNING:pe_image_reader.cc(340)] could not read dos header from C:\WINDOWS\System32\bcrypt.dll
[0715/224105.009:ERROR:process_memory_win.cc(73)] ReadMemory at 0x7ff80d330000 of 64 bytes failed: Only part of a ReadProcessMemory or WriteProcessMemory request was completed. (0x12B)
[0715/224105.009:WARNING:pe_image_reader.cc(340)] could not read dos header from C:\WINDOWS\SYSTEM32\dbghelp.dll
[0715/224105.009:ERROR:process_memory_win.cc(73)] ReadMemory at 0x7ff80d330000 of 64 bytes failed: Only part of a ReadProcessMemory or WriteProcessMemory request was completed. (0x12B)
[0715/224105.009:WARNING:pe_image_reader.cc(340)] could not read dos header from C:\WINDOWS\SYSTEM32\dbghelp.dll
[0715/224105.009:ERROR:process_memory_win.cc(73)] ReadMemory at 0x7ff808f80000 of 64 bytes failed: Only part of a ReadProcessMemory or WriteProcessMemory request was completed. (0x12B)
[0715/224105.009:WARNING:pe_image_reader.cc(340)] could not read dos header from C:\WINDOWS\SYSTEM32\dhcpcsvc.DLL
[0715/224105.009:ERROR:process_memory_win.cc(73)] ReadMemory at 0x7ff808f80000 of 64 bytes failed: Only part of a ReadProcessMemory or WriteProcessMemory request was completed. (0x12B)
[0715/224105.009:WARNING:pe_image_reader.cc(340)] could not read dos header from C:\WINDOWS\SYSTEM32\dhcpcsvc.DLL
[0715/224105.009:ERROR:process_memory_win.cc(73)] ReadMemory at 0x7ff8108d0000 of 64 bytes failed: Only part of a ReadProcessMemory or WriteProcessMemory request was completed. (0x12B)
[0715/224105.009:WARNING:pe_image_reader.cc(340)] could not read dos header from C:\WINDOWS\System32\NSI.dll
[0715/224105.009:ERROR:process_memory_win.cc(73)] ReadMemory at 0x7ff8108d0000 of 64 bytes failed: Only part of a ReadProcessMemory or WriteProcessMemory request was completed. (0x12B)
[0715/224105.009:WARNING:pe_image_reader.cc(340)] could not read dos header from C:\WINDOWS\System32\NSI.dll
[0715/224105.009:ERROR:process_memory_win.cc(73)] ReadMemory at 0x7ff806950000 of 64 bytes failed: Only part of a ReadProcessMemory or WriteProcessMemory request was completed. (0x12B)
[0715/224105.009:WARNING:pe_image_reader.cc(340)] could not read dos header from C:\WINDOWS\SYSTEM32\WINMMBASE.dll
[0715/224105.009:ERROR:process_memory_win.cc(73)] ReadMemory at 0x7ff806950000 of 64 bytes failed: Only part of a ReadProcessMemory or WriteProcessMemory request was completed. (0x12B)
[0715/224105.009:WARNING:pe_image_reader.cc(340)] could not read dos header from C:\WINDOWS\SYSTEM32\WINMMBASE.dll
[0715/224105.009:ERROR:process_memory_win.cc(73)] ReadMemory at 0x7ff810710000 of 64 bytes failed: Only part of a ReadProcessMemory or WriteProcessMemory request was completed. (0x12B)
[0715/224105.009:WARNING:pe_image_reader.cc(340)] could not read dos header from C:\WINDOWS\System32\cfgmgr32.dll
[0715/224105.009:ERROR:process_memory_win.cc(73)] ReadMemory at 0x7ff810710000 of 64 bytes failed: Only part of a ReadProcessMemory or WriteProcessMemory request was completed. (0x12B)
[0715/224105.009:WARNING:pe_image_reader.cc(340)] could not read dos header from C:\WINDOWS\System32\cfgmgr32.dll
[0715/224105.009:ERROR:process_memory_win.cc(73)] ReadMemory at 0x7ff80df30000 of 64 bytes failed: Only part of a ReadProcessMemory or WriteProcessMemory request was completed. (0x12B)
[0715/224105.009:WARNING:pe_image_reader.cc(340)] could not read dos header from C:\WINDOWS\SYSTEM32\PROPSYS.dll
[0715/224105.009:ERROR:process_memory_win.cc(73)] ReadMemory at 0x7ff80df30000 of 64 bytes failed: Only part of a ReadProcessMemory or WriteProcessMemory request was completed. (0x12B)
[0715/224105.009:WARNING:pe_image_reader.cc(340)] could not read dos header from C:\WINDOWS\SYSTEM32\PROPSYS.dll
[0715/224105.009:ERROR:process_memory_win.cc(73)] ReadMemory at 0x7ff812040000 of 64 bytes failed: Only part of a ReadProcessMemory or WriteProcessMemory request was completed. (0x12B)
[0715/224105.009:WARNING:pe_image_reader.cc(340)] could not read dos header from C:\WINDOWS\System32\shcore.dll
[0715/224105.009:ERROR:process_memory_win.cc(73)] ReadMemory at 0x7ff812040000 of 64 bytes failed: Only part of a ReadProcessMemory or WriteProcessMemory request was completed. (0x12B)
[0715/224105.009:WARNING:pe_image_reader.cc(340)] could not read dos header from C:\WINDOWS\System32\shcore.dll
[0715/224105.009:ERROR:process_memory_win.cc(73)] ReadMemory at 0x7ff80f500000 of 64 bytes failed: Only part of a ReadProcessMemory or WriteProcessMemory request was completed. (0x12B)
[0715/224105.009:WARNING:pe_image_reader.cc(340)] could not read dos header from C:\WINDOWS\SYSTEM32\SSPICLI.DLL
[0715/224105.009:ERROR:process_memory_win.cc(73)] ReadMemory at 0x7ff80f500000 of 64 bytes failed: Only part of a ReadProcessMemory or WriteProcessMemory request was completed. (0x12B)
[0715/224105.009:WARNING:pe_image_reader.cc(340)] could not read dos header from C:\WINDOWS\SYSTEM32\SSPICLI.DLL
[0715/224105.009:ERROR:process_memory_win.cc(73)] ReadMemory at 0x7ff80eff0000 of 64 bytes failed: Only part of a ReadProcessMemory or WriteProcessMemory request was completed. (0x12B)
[0715/224105.009:WARNING:pe_image_reader.cc(340)] could not read dos header from C:\WINDOWS\SYSTEM32\CRYPTBASE.DLL
[0715/224105.009:ERROR:process_memory_win.cc(73)] ReadMemory at 0x7ff80eff0000 of 64 bytes failed: Only part of a ReadProcessMemory or WriteProcessMemory request was completed. (0x12B)
[0715/224105.009:WARNING:pe_image_reader.cc(340)] could not read dos header from C:\WINDOWS\SYSTEM32\CRYPTBASE.DLL
[0715/224105.056:ERROR:process_memory_win.cc(73)] ReadMemory at 0x7ff69ff20000 of 64 bytes failed: Only part of a ReadProcessMemory or WriteProcessMemory request was completed. (0x12B)
[0715/224105.056:WARNING:pe_image_reader.cc(340)] could not read dos header from C:\Program Files (x86)\Microsoft\Edge\Application\msedge.exe
[0715/224105.056:ERROR:process_memory_win.cc(73)] ReadMemory at 0x7ff812760000 of 64 bytes failed: Only part of a ReadProcessMemory or WriteProcessMemory request was completed. (0x12B)
[0715/224105.056:WARNING:pe_image_reader.cc(340)] could not read dos header from C:\WINDOWS\SYSTEM32\ntdll.dll
[0715/224105.056:ERROR:process_memory_win.cc(73)] ReadMemory at 0x7ff8112b0000 of 64 bytes failed: Only part of a ReadProcessMemory or WriteProcessMemory request was completed. (0x12B)
[0715/224105.056:WARNING:pe_image_reader.cc(340)] could not read dos header from C:\WINDOWS\System32\KERNEL32.DLL
[0715/224105.056:ERROR:process_memory_win.cc(73)] ReadMemory at 0x7ff810400000 of 64 bytes failed: Only part of a ReadProcessMemory or WriteProcessMemory request was completed. (0x12B)
[0715/224105.056:WARNING:pe_image_reader.cc(340)] could not read dos header from C:\WINDOWS\System32\KERNELBASE.dll
[0715/224105.056:ERROR:process_memory_win.cc(73)] ReadMemory at 0x7ff80d1b0000 of 64 bytes failed: Only part of a ReadProcessMemory or WriteProcessMemory request was completed. (0x12B)
[0715/224105.056:WARNING:pe_image_reader.cc(340)] could not read dos header from C:\WINDOWS\SYSTEM32\apphelp.dll
[0715/224105.056:ERROR:process_memory_win.cc(73)] ReadMemory at 0x7ff8030f0000 of 64 bytes failed: Only part of a ReadProcessMemory or WriteProcessMemory request was completed. (0x12B)
[0715/224105.056:WARNING:pe_image_reader.cc(340)] could not read dos header from C:\Program Files (x86)\Microsoft\Edge\Application\83.0.478.64\msedge_elf.dll
[0715/224105.056:ERROR:process_memory_win.cc(73)] ReadMemory at 0x7ff80f780000 of 64 bytes failed: Only part of a ReadProcessMemory or WriteProcessMemory request was completed. (0x12B)
[0715/224105.056:WARNING:pe_image_reader.cc(340)] could not read dos header from C:\WINDOWS\System32\bcryptPrimitives.dll
[0715/224105.056:ERROR:process_memory_win.cc(73)] ReadMemory at 0x7ff810fd0000 of 64 bytes failed: Only part of a ReadProcessMemory or WriteProcessMemory request was completed. (0x12B)
[0715/224105.056:WARNING:pe_image_reader.cc(340)] could not read dos header from C:\WINDOWS\System32\ADVAPI32.dll
[0715/224105.056:ERROR:process_memory_win.cc(73)] ReadMemory at 0x7ff812180000 of 64 bytes failed: Only part of a ReadProcessMemory or WriteProcessMemory request was completed. (0x12B)
[0715/224105.056:WARNING:pe_image_reader.cc(340)] could not read dos header from C:\WINDOWS\System32\msvcrt.dll
[0715/224105.056:ERROR:process_memory_win.cc(73)] ReadMemory at 0x7ff812220000 of 64 bytes failed: Only part of a ReadProcessMemory or WriteProcessMemory request was completed. (0x12B)
[0715/224105.056:WARNING:pe_image_reader.cc(340)] could not read dos header from C:\WINDOWS\System32\sechost.dll
[0715/224105.056:ERROR:process_memory_win.cc(73)] ReadMemory at 0x7ff8122c0000 of 64 bytes failed: Only part of a ReadProcessMemory or WriteProcessMemory request was completed. (0x12B)
[0715/224105.056:WARNING:pe_image_reader.cc(340)] could not read dos header from C:\WINDOWS\System32\RPCRT4.dll
[0715/224105.056:ERROR:process_memory_win.cc(73)] ReadMemory at 0x7fffbcd80000 of 64 bytes failed: Only part of a ReadProcessMemory or WriteProcessMemory request was completed. (0x12B)
[0715/224105.056:WARNING:pe_image_reader.cc(340)] could not read dos header from C:\Program Files (x86)\Microsoft\Edge\Application\83.0.478.64\msedge.dll
[0715/224105.056:ERROR:process_memory_win.cc(73)] ReadMemory at 0x7ff811770000 of 64 bytes failed: Only part of a ReadProcessMemory or WriteProcessMemory request was completed. (0x12B)
[0715/224105.056:WARNING:pe_image_reader.cc(340)] could not read dos header from C:\WINDOWS\System32\WS2_32.dll
[0715/224105.056:ERROR:process_memory_win.cc(73)] ReadMemory at 0x7ff8117e0000 of 64 bytes failed: Only part of a ReadProcessMemory or WriteProcessMemory request was completed. (0x12B)
[0715/224105.056:WARNING:pe_image_reader.cc(340)] could not read dos header from C:\WINDOWS\System32\OLEAUT32.dll
[0715/224105.056:ERROR:process_memory_win.cc(73)] ReadMemory at 0x7ff80f6e0000 of 64 bytes failed: Only part of a ReadProcessMemory or WriteProcessMemory request was completed. (0x12B)
[0715/224105.056:WARNING:pe_image_reader.cc(340)] could not read dos header from C:\WINDOWS\System32\msvcp_win.dll
[0715/224105.056:ERROR:process_memory_win.cc(73)] ReadMemory at 0x7ff80f9d0000 of 64 bytes failed: Only part of a ReadProcessMemory or WriteProcessMemory request was completed. (0x12B)
[0715/224105.056:WARNING:pe_image_reader.cc(340)] could not read dos header from C:\WINDOWS\System32\ucrtbase.dll
[0715/224105.056:ERROR:process_memory_win.cc(73)] ReadMemory at 0x7ff8123e0000 of 64 bytes failed: Only part of a ReadProcessMemory or WriteProcessMemory request was completed. (0x12B)
[0715/224105.056:WARNING:pe_image_reader.cc(340)] could not read dos header from C:\WINDOWS\System32\combase.dll
[0715/224105.056:ERROR:process_memory_win.cc(73)] ReadMemory at 0x7ff8106b0000 of 64 bytes failed: Only part of a ReadProcessMemory or WriteProcessMemory request was completed. (0x12B)
[0715/224105.056:WARNING:pe_image_reader.cc(340)] could not read dos header from C:\WINDOWS\System32\WINTRUST.dll
[0715/224105.056:ERROR:process_memory_win.cc(73)] ReadMemory at 0x7ff80f690000 of 64 bytes failed: Only part of a ReadProcessMemory or WriteProcessMemory request was completed. (0x12B)
[0715/224105.056:WARNING:pe_image_reader.cc(340)] could not read dos header from C:\WINDOWS\System32\MSASN1.dll
[0715/224105.056:ERROR:process_memory_win.cc(73)] ReadMemory at 0x7ff80fad0000 of 64 bytes failed: Only part of a ReadProcessMemory or WriteProcessMemory request was completed. (0x12B)
[0715/224105.056:WARNING:pe_image_reader.cc(340)] could not read dos header from C:\WINDOWS\System32\CRYPT32.dll
[0715/224105.056:ERROR:process_memory_win.cc(73)] ReadMemory at 0x7ff80eb30000 of 64 bytes failed: Only part of a ReadProcessMemory or WriteProcessMemory request was completed. (0x12B)
[0715/224105.056:WARNING:pe_image_reader.cc(340)] could not read dos header from C:\WINDOWS\SYSTEM32\IPHLPAPI.DLL
[0715/224105.056:ERROR:process_memory_win.cc(73)] ReadMemory at 0x7ff806ba0000 of 64 bytes failed: Only part of a ReadProcessMemory or WriteProcessMemory request was completed. (0x12B)
[0715/224105.056:WARNING:pe_image_reader.cc(340)] could not read dos header from C:\WINDOWS\SYSTEM32\WINMM.dll
[0715/224105.056:ERROR:process_memory_win.cc(73)] ReadMemory at 0x7ff801330000 of 64 bytes failed: Only part of a ReadProcessMemory or WriteProcessMemory request was completed. (0x12B)
[0715/224105.056:WARNING:pe_image_reader.cc(340)] could not read dos header from C:\WINDOWS\SYSTEM32\Secur32.dll
[0715/224105.056:ERROR:process_memory_win.cc(73)] ReadMemory at 0x7ff80f530000 of 64 bytes failed: Only part of a ReadProcessMemory or WriteProcessMemory request was completed. (0x12B)
[0715/224105.056:WARNING:pe_image_reader.cc(340)] could not read dos header from C:\WINDOWS\SYSTEM32\USERENV.dll
[0715/224105.056:ERROR:process_memory_win.cc(73)] ReadMemory at 0x7ff80f6b0000 of 64 bytes failed: Only part of a ReadProcessMemory or WriteProcessMemory request was completed. (0x12B)
[0715/224105.056:WARNING:pe_image_reader.cc(340)] could not read dos header from C:\WINDOWS\System32\profapi.dll
[0715/224105.056:ERROR:process_memory_win.cc(73)] ReadMemory at 0x7fffeb950000 of 64 bytes failed: Only part of a ReadProcessMemory or WriteProcessMemory request was completed. (0x12B)
[0715/224105.056:WARNING:pe_image_reader.cc(340)] could not read dos header from C:\WINDOWS\SYSTEM32\UIAutomationCore.DLL
[0715/224105.056:ERROR:process_memory_win.cc(73)] ReadMemory at 0x7ff8066e0000 of 64 bytes failed: Only part of a ReadProcessMemory or WriteProcessMemory request was completed. (0x12B)
[0715/224105.056:WARNING:pe_image_reader.cc(340)] could not read dos header from C:\WINDOWS\SYSTEM32\WINHTTP.dll
[0715/224105.056:ERROR:process_memory_win.cc(73)] ReadMemory at 0x7ffffd0f0000 of 64 bytes failed: Only part of a ReadProcessMemory or WriteProcessMemory request was completed. (0x12B)
[0715/224105.056:WARNING:pe_image_reader.cc(340)] could not read dos header from C:\WINDOWS\SYSTEM32\DWrite.dll
[0715/224105.056:ERROR:process_memory_win.cc(73)] ReadMemory at 0x7ffff61a0000 of 64 bytes failed: Only part of a ReadProcessMemory or WriteProcessMemory request was completed. (0x12B)
[0715/224105.056:WARNING:pe_image_reader.cc(340)] could not read dos header from C:\WINDOWS\SYSTEM32\WINSPOOL.DRV
[0715/224105.056:ERROR:process_memory_win.cc(73)] ReadMemory at 0x7ff80f620000 of 64 bytes failed: Only part of a ReadProcessMemory or WriteProcessMemory request was completed. (0x12B)
[0715/224105.056:WARNING:pe_image_reader.cc(340)] could not read dos header from C:\WINDOWS\System32\kernel.appcore.dll
[0715/224105.056:ERROR:process_memory_win.cc(73)] ReadMemory at 0x7ff80fc20000 of 64 bytes failed: Only part of a ReadProcessMemory or WriteProcessMemory request was completed. (0x12B)
[0715/224105.056:WARNING:pe_image_reader.cc(340)] could not read dos header from C:\WINDOWS\System32\bcrypt.dll
[0715/224105.056:ERROR:process_memory_win.cc(73)] ReadMemory at 0x7ff80d330000 of 64 bytes failed: Only part of a ReadProcessMemory or WriteProcessMemory request was completed. (0x12B)
[0715/224105.056:WARNING:pe_image_reader.cc(340)] could not read dos header from C:\WINDOWS\SYSTEM32\dbghelp.dll
[0715/224105.056:ERROR:process_memory_win.cc(73)] ReadMemory at 0x7ff808f80000 of 64 bytes failed: Only part of a ReadProcessMemory or WriteProcessMemory request was completed. (0x12B)
[0715/224105.056:WARNING:pe_image_reader.cc(340)] could not read dos header from C:\WINDOWS\SYSTEM32\dhcpcsvc.DLL
[0715/224105.056:ERROR:process_memory_win.cc(73)] ReadMemory at 0x7ff8108d0000 of 64 bytes failed: Only part of a ReadProcessMemory or WriteProcessMemory request was completed. (0x12B)
[0715/224105.056:WARNING:pe_image_reader.cc(340)] could not read dos header from C:\WINDOWS\System32\NSI.dll
[0715/224105.056:ERROR:process_memory_win.cc(73)] ReadMemory at 0x7ff806950000 of 64 bytes failed: Only part of a ReadProcessMemory or WriteProcessMemory request was completed. (0x12B)
[0715/224105.056:WARNING:pe_image_reader.cc(340)] could not read dos header from C:\WINDOWS\SYSTEM32\WINMMBASE.dll
[0715/224105.056:ERROR:process_memory_win.cc(73)] ReadMemory at 0x7ff810710000 of 64 bytes failed: Only part of a ReadProcessMemory or WriteProcessMemory request was completed. (0x12B)
[0715/224105.056:WARNING:pe_image_reader.cc(340)] could not read dos header from C:\WINDOWS\System32\cfgmgr32.dll
[0715/224105.056:ERROR:process_memory_win.cc(73)] ReadMemory at 0x7ff80df30000 of 64 bytes failed: Only part of a ReadProcessMemory or WriteProcessMemory request was completed. (0x12B)
[0715/224105.056:WARNING:pe_image_reader.cc(340)] could not read dos header from C:\WINDOWS\SYSTEM32\PROPSYS.dll
[0715/224105.056:ERROR:process_memory_win.cc(73)] ReadMemory at 0x7ff812040000 of 64 bytes failed: Only part of a ReadProcessMemory or WriteProcessMemory request was completed. (0x12B)
[0715/224105.056:WARNING:pe_image_reader.cc(340)] could not read dos header from C:\WINDOWS\System32\shcore.dll
[0715/224105.056:ERROR:process_memory_win.cc(73)] ReadMemory at 0x7ff80f500000 of 64 bytes failed: Only part of a ReadProcessMemory or WriteProcessMemory request was completed. (0x12B)
[0715/224105.056:WARNING:pe_image_reader.cc(340)] could not read dos header from C:\WINDOWS\SYSTEM32\SSPICLI.DLL
[0715/224105.056:ERROR:process_memory_win.cc(73)] ReadMemory at 0x7ff80eff0000 of 64 bytes failed: Only part of a ReadProcessMemory or WriteProcessMemory request was completed. (0x12B)
[0715/224105.056:WARNING:pe_image_reader.cc(340)] could not read dos header from C:\WINDOWS\SYSTEM32\CRYPTBASE.DLL
[0715/224105.071:ERROR:process_memory_win.cc(73)] ReadMemory at 0x7ff69ff20000 of 64 bytes failed: Only part of a ReadProcessMemory or WriteProcessMemory request was completed. (0x12B)
[0715/224105.071:WARNING:pe_image_reader.cc(340)] could not read dos header from C:\Program Files (x86)\Microsoft\Edge\Application\msedge.exe
[0715/224105.071:ERROR:process_memory_win.cc(73)] ReadMemory at 0x7ff812760000 of 64 bytes failed: Only part of a ReadProcessMemory or WriteProcessMemory request was completed. (0x12B)
[0715/224105.071:WARNING:pe_image_reader.cc(340)] could not read dos header from C:\WINDOWS\SYSTEM32\ntdll.dll
[0715/224105.071:ERROR:process_memory_win.cc(73)] ReadMemory at 0x7ff8112b0000 of 64 bytes failed: Only part of a ReadProcessMemory or WriteProcessMemory request was completed. (0x12B)
[0715/224105.071:WARNING:pe_image_reader.cc(340)] could not read dos header from C:\WINDOWS\System32\KERNEL32.DLL
[0715/224105.071:ERROR:process_memory_win.cc(73)] ReadMemory at 0x7ff810400000 of 64 bytes failed: Only part of a ReadProcessMemory or WriteProcessMemory request was completed. (0x12B)
[0715/224105.071:WARNING:pe_image_reader.cc(340)] could not read dos header from C:\WINDOWS\System32\KERNELBASE.dll
[0715/224105.071:ERROR:process_memory_win.cc(73)] ReadMemory at 0x7ff80d1b0000 of 64 bytes failed: Only part of a ReadProcessMemory or WriteProcessMemory request was completed. (0x12B)
[0715/224105.071:WARNING:pe_image_reader.cc(340)] could not read dos header from C:\WINDOWS\SYSTEM32\apphelp.dll
[0715/224105.071:ERROR:process_memory_win.cc(73)] ReadMemory at 0x7ff8030f0000 of 64 bytes failed: Only part of a ReadProcessMemory or WriteProcessMemory request was completed. (0x12B)
[0715/224105.071:WARNING:pe_image_reader.cc(340)] could not read dos header from C:\Program Files (x86)\Microsoft\Edge\Application\83.0.478.64\msedge_elf.dll
[0715/224105.071:ERROR:process_memory_win.cc(73)] ReadMemory at 0x7ff80f780000 of 64 bytes failed: Only part of a ReadProcessMemory or WriteProcessMemory request was completed. (0x12B)
[0715/224105.071:WARNING:pe_image_reader.cc(340)] could not read dos header from C:\WINDOWS\System32\bcryptPrimitives.dll
[0715/224105.071:ERROR:process_memory_win.cc(73)] ReadMemory at 0x7ff810fd0000 of 64 bytes failed: Only part of a ReadProcessMemory or WriteProcessMemory request was completed. (0x12B)
[0805/221437.047:ERROR:process_reader_win.cc(127)] NtOpenThread: {Access Denied} A process has requested access to an object, but has not been granted those access rights. (0xc0000022)
[0805/221437.063:ERROR:exception_snapshot_win.cc(99)] thread ID 3944 not found in process
[0805/221437.094:ERROR:process_reader_win.cc(127)] NtOpenThread: {Access Denied} A process has requested access to an object, but has not been granted those access rights. (0xc0000022)
[0805/221437.094:ERROR:exception_snapshot_win.cc(99)] thread ID 8388 not found in process
[0805/221437.500:ERROR:scoped_process_suspend.cc(40)] NtResumeProcess: An attempt was made to access an exiting process. (0xc000010a)
[0805/221437.531:ERROR:minidumpwritedump_with_crashpad_info.cc(435)] Failed to call MiniDumpWriteDump: Only part of a ReadProcessMemory or WriteProcessMemory request was completed. (0x8007012B)
[0805/221437.531:ERROR:minidumpwritedump_with_crashpad_info.cc(592)] Failed to write minidump file
[0805/221437.531:ERROR:crash_report_exception_handler.cc(132)] TryMiniDumpWriteDumpWithCrashpadInfo failed
[0805/221437.531:ERROR:process_memory_win.cc(73)] ReadMemory at 0x176e62f0000 of 64 bytes failed: Only part of a ReadProcessMemory or WriteProcessMemory request was completed. (0x12B)
[0805/221437.531:WARNING:pe_image_reader.cc(340)] could not read dos header from C:\WINDOWS\System32\IMM32.DLL
[0805/221437.531:ERROR:process_memory_win.cc(73)] ReadMemory at 0x176e5da96f0 of 72 bytes failed: Only part of a ReadProcessMemory or WriteProcessMemory request was completed. (0x12B)
[0805/221437.531:WARNING:pe_image_annotations_reader.cc(134)] could not read annotations list object in C:\Program Files (x86)\Microsoft\Edge\Application\84.0.522.52\msedge_elf.dll
[0805/221437.531:ERROR:process_memory_win.cc(73)] ReadMemory at 0x176e5deba40 of 72 bytes failed: Only part of a ReadProcessMemory or WriteProcessMemory request was completed. (0x12B)
[0805/221437.531:WARNING:pe_image_annotations_reader.cc(134)] could not read annotations list object in C:\Program Files (x86)\Microsoft\Edge\Application\84.0.522.52\msedge.dll
[0805/221437.547:ERROR:process_memory_win.cc(73)] ReadMemory at 0x176e62f0000 of 64 bytes failed: Only part of a ReadProcessMemory or WriteProcessMemory request was completed. (0x12B)
[0805/221437.547:WARNING:pe_image_reader.cc(340)] could not read dos header from C:\WINDOWS\System32\IMM32.DLL
[0805/221437.547:ERROR:process_memory_win.cc(73)] ReadMemory at 0x176e62f0000 of 64 bytes failed: Only part of a ReadProcessMemory or WriteProcessMemory request was completed. (0x12B)
[0805/221437.547:WARNING:pe_image_reader.cc(340)] could not read dos header from C:\WINDOWS\System32\IMM32.DLL
